Build started 07.11.2015 20:41:36.
     1>Project "D:\Current\IIP\Project\FirstGame\FirstGame\FirstGame.vcxproj" on node 2 (Build target(s)).
     1>ClCompile:
         C:\Program Files (x86)\Microsoft Visual Studio 14.0\VC\bin\CL.exe /c /ID:\Current\IIP\Project\FirstGame\packages\tinyxml2.3.0.0\build\native\../..//build/native/include/ /IC:\SFML\include /ZI /nologo /W3 /WX- /sdl /Od /Oy- /D SFML_DYNAMIC /D WIN32 /D _DEBUG /D _CONSOLE /D _UNICODE /D UNICODE /Gm /EHsc /RTC1 /MDd /GS /fp:precise /Zc:wchar_t /Zc:forScope /Zc:inline /Fo"Debug\\" /Fd"Debug\vc140.pdb" /Gd /TP /analyze- /errorReport:prompt main.cpp
         main.cpp
     1>d:\current\iip\project\firstgame\firstgame\level.h(60): warning C4244: 'return': conversion from 'double' to 'float', possible loss of data
     1>d:\current\iip\project\firstgame\firstgame\level.h(144): warning C4244: 'initializing': conversion from 'double' to 'float', possible loss of data
     1>d:\current\iip\project\firstgame\firstgame\level.h(145): warning C4244: '=': conversion from 'float' to 'int', possible loss of data
     1>d:\current\iip\project\firstgame\firstgame\level.h(185): warning C4244: 'argument': conversion from 'int' to 'float', possible loss of data
     1>d:\current\iip\project\firstgame\firstgame\level.h(242): warning C4244: 'argument': conversion from 'int' to 'float', possible loss of data
     1>d:\current\iip\project\firstgame\firstgame\level.h(263): warning C4244: '=': conversion from 'int' to 'float', possible loss of data
     1>d:\current\iip\project\firstgame\firstgame\level.h(264): warning C4244: '=': conversion from 'int' to 'float', possible loss of data
     1>d:\current\iip\project\firstgame\firstgame\level.h(265): warning C4244: '=': conversion from 'int' to 'float', possible loss of data
     1>d:\current\iip\project\firstgame\firstgame\level.h(266): warning C4244: '=': conversion from 'int' to 'float', possible loss of data
     1>d:\current\iip\project\firstgame\firstgame\level.h(309): warning C4018: '<': signed/unsigned mismatch
     1>d:\current\iip\project\firstgame\firstgame\level.h(318): warning C4018: '<': signed/unsigned mismatch
     1>d:\current\iip\project\firstgame\firstgame\level.h(340): warning C4018: '<': signed/unsigned mismatch
     1>d:\current\iip\project\firstgame\firstgame\level.h(341): warning C4018: '<': signed/unsigned mismatch
     1>d:\current\iip\project\firstgame\firstgame\main.cpp(29): warning C4244: 'argument': conversion from 'int' to 'float', possible loss of data
     1>d:\current\iip\project\firstgame\firstgame\main.cpp(30): warning C4305: 'argument': truncation from 'double' to 'float'
     1>d:\current\iip\project\firstgame\firstgame\main.cpp(34): warning C4244: 'argument': conversion from 'int' to 'float', possible loss of data
     1>d:\current\iip\project\firstgame\firstgame\main.cpp(38): warning C4244: 'argument': conversion from 'int' to 'float', possible loss of data
     1>d:\current\iip\project\firstgame\firstgame\main.cpp(59): warning C4551: function call missing argument list
     1>d:\current\iip\project\firstgame\firstgame\main.cpp(61): warning C4305: '=': truncation from 'double' to 'float'
     1>d:\current\iip\project\firstgame\firstgame\main.cpp(64): warning C4305: '=': truncation from 'double' to 'float'
     1>d:\current\iip\project\firstgame\firstgame\main.cpp(68): warning C4305: '=': truncation from 'double' to 'float'
     1>d:\current\iip\project\firstgame\firstgame\main.cpp(90): warning C4018: '<': signed/unsigned mismatch
     1>d:\current\iip\project\firstgame\firstgame\main.cpp(123): warning C4244: '=': conversion from 'double' to 'float', possible loss of data
     1>d:\current\iip\project\firstgame\firstgame\main.cpp(147): warning C4244: 'initializing': conversion from 'float' to 'int', possible loss of data
     1>d:\current\iip\project\firstgame\firstgame\main.cpp(156): warning C4244: 'argument': conversion from 'int' to 'float', possible loss of data
     1>d:\current\iip\project\firstgame\firstgame\main.cpp(170): warning C4305: '=': truncation from 'double' to 'float'
     1>d:\current\iip\project\firstgame\firstgame\main.cpp(176): warning C4018: '<': signed/unsigned mismatch
     1>d:\current\iip\project\firstgame\firstgame\main.cpp(182): warning C4305: '=': truncation from 'double' to 'float'
     1>d:\current\iip\project\firstgame\firstgame\main.cpp(183): warning C4305: '=': truncation from 'double' to 'float'
     1>d:\current\iip\project\firstgame\firstgame\main.cpp(214): warning C4244: 'initializing': conversion from 'float' to 'int', possible loss of data
     1>d:\current\iip\project\firstgame\firstgame\main.cpp(221): warning C4305: '=': truncation from 'double' to 'float'
     1>d:\current\iip\project\firstgame\firstgame\main.cpp(240): warning C4018: '<': signed/unsigned mismatch
     1>d:\current\iip\project\firstgame\firstgame\main.cpp(298): warning C4305: 'argument': truncation from 'double' to 'float'
     1>d:\current\iip\project\firstgame\firstgame\main.cpp(318): warning C4305: 'argument': truncation from 'double' to 'float'
     1>d:\current\iip\project\firstgame\firstgame\main.cpp(343): warning C4018: '<': signed/unsigned mismatch
     1>d:\current\iip\project\firstgame\firstgame\main.cpp(349): warning C4244: 'initializing': conversion from 'sf::Int64' to 'float', possible loss of data
     1>d:\current\iip\project\firstgame\firstgame\main.cpp(359): warning C4244: 'initializing': conversion from 'double' to 'float', possible loss of data
     1>d:\current\iip\project\firstgame\firstgame\main.cpp(368): warning C4244: 'argument': conversion from 'float' to 'int', possible loss of data
     1>d:\current\iip\project\firstgame\firstgame\main.cpp(401): warning C4244: 'argument': conversion from 'double' to 'float', possible loss of data
     1>d:\current\iip\project\firstgame\firstgame\main.cpp(437): warning C4551: function call missing argument list
     1>d:\current\iip\project\firstgame\firstgame\level.h(312): warning C4715: 'Level::GetObject': not all control paths return a value
       Link:
         C:\Program Files (x86)\Microsoft Visual Studio 14.0\VC\bin\link.exe /ERRORREPORT:PROMPT /OUT:"D:\Current\IIP\Project\FirstGame\Debug\FirstGame.exe" /INCREMENTAL /NOLOGO /LIBPATH:C:\SFML\lib "sfml-graphics-d.lib" "sfml-window-d.lib" "sfml-system-d.lib" "sfml-audio-d.lib" kernel32.lib user32.lib gdi32.lib winspool.lib comdlg32.lib advapi32.lib shell32.lib ole32.lib oleaut32.lib uuid.lib odbc32.lib odbccp32.lib kernel32.lib user32.lib gdi32.lib winspool.lib comdlg32.lib advapi32.lib shell32.lib ole32.lib oleaut32.lib uuid.lib odbc32.lib odbccp32.lib /MANIFEST /MANIFESTUAC:"level='asInvoker' uiAccess='false'" /manifest:embed /Debug /PDB:"D:\Current\IIP\Project\FirstGame\Debug\FirstGame.pdb" /SUBSYSTEM:CONSOLE /TLBID:1 /DYNAMICBASE /NXCOMPAT /IMPLIB:"D:\Current\IIP\Project\FirstGame\Debug\FirstGame.lib" /MACHINE:X86 Debug\main.obj
         Debug\tinystr.obj
         Debug\tinyxml.obj
         Debug\tinyxmlerror.obj
         Debug\tinyxmlparser.obj
         FirstGame.vcxproj -> D:\Current\IIP\Project\FirstGame\Debug\FirstGame.exe
     1>Done Building Project "D:\Current\IIP\Project\FirstGame\FirstGame\FirstGame.vcxproj" (Build target(s)).

Build succeeded.

Time Elapsed 00:00:01.00
