Build started 08.11.2015 23:37:49.
     1>Project "D:\Current\IIP\Project\FirstGame\FirstGame\FirstGame.vcxproj" on node 2 (Rebuild target(s)).
     1>ClCompile:
         C:\Program Files (x86)\Microsoft Visual Studio 14.0\VC\bin\CL.exe /c /ID:\Current\IIP\Project\FirstGame\packages\tinyxml2.3.0.0\build\native\../..//build/native/include/ /IC:\SFML\include /Zi /nologo /W3 /WX- /sdl /O2 /Oi /Oy- /GL /D SFML_DYNAMIC /D WIN32 /D NDEBUG /D _CONSOLE /D _UNICODE /D UNICODE /Gm- /EHsc /MD /GS /Gy /fp:precise /Zc:wchar_t /Zc:forScope /Zc:inline /Fo"Release\\" /Fd"Release\vc140.pdb" /Gd /TP /analyze- /errorReport:prompt de_timer.cpp main.cpp TinyXML\tinystr.cpp TinyXML\tinyxml.cpp TinyXML\tinyxmlerror.cpp TinyXML\tinyxmlparser.cpp
         de_timer.cpp
         main.cpp
     1>d:\current\iip\project\firstgame\firstgame\level.h(60): warning C4244: 'return': conversion from 'double' to 'float', possible loss of data
     1>d:\current\iip\project\firstgame\firstgame\level.h(144): warning C4244: 'initializing': conversion from 'double' to 'float', possible loss of data
     1>d:\current\iip\project\firstgame\firstgame\level.h(145): warning C4244: '=': conversion from 'float' to 'int', possible loss of data
     1>d:\current\iip\project\firstgame\firstgame\level.h(185): warning C4244: 'argument': conversion from 'int' to 'float', possible loss of data
     1>d:\current\iip\project\firstgame\firstgame\level.h(242): warning C4244: 'argument': conversion from 'int' to 'float', possible loss of data
     1>d:\current\iip\project\firstgame\firstgame\level.h(263): warning C4244: '=': conversion from 'int' to 'float', possible loss of data
     1>d:\current\iip\project\firstgame\firstgame\level.h(264): warning C4244: '=': conversion from 'int' to 'float', possible loss of data
     1>d:\current\iip\project\firstgame\firstgame\level.h(265): warning C4244: '=': conversion from 'int' to 'float', possible loss of data
     1>d:\current\iip\project\firstgame\firstgame\level.h(266): warning C4244: '=': conversion from 'int' to 'float', possible loss of data
     1>d:\current\iip\project\firstgame\firstgame\level.h(309): warning C4018: '<': signed/unsigned mismatch
     1>d:\current\iip\project\firstgame\firstgame\level.h(318): warning C4018: '<': signed/unsigned mismatch
     1>d:\current\iip\project\firstgame\firstgame\level.h(340): warning C4018: '<': signed/unsigned mismatch
     1>d:\current\iip\project\firstgame\firstgame\level.h(341): warning C4018: '<': signed/unsigned mismatch
     1>main.cpp(33): warning C4244: 'argument': conversion from 'int' to 'float', possible loss of data
     1>main.cpp(34): warning C4305: 'argument': truncation from 'double' to 'float'
     1>main.cpp(38): warning C4244: 'argument': conversion from 'int' to 'float', possible loss of data
     1>main.cpp(42): warning C4244: 'argument': conversion from 'int' to 'float', possible loss of data
     1>main.cpp(68): warning C4551: function call missing argument list
     1>main.cpp(70): warning C4305: '=': truncation from 'double' to 'float'
     1>main.cpp(73): warning C4305: '=': truncation from 'double' to 'float'
     1>main.cpp(77): warning C4305: '=': truncation from 'double' to 'float'
     1>main.cpp(99): warning C4018: '<': signed/unsigned mismatch
     1>main.cpp(136): warning C4244: '=': conversion from 'double' to 'float', possible loss of data
     1>main.cpp(150): warning C4244: 'initializing': conversion from 'double' to 'int', possible loss of data
     1>main.cpp(151): warning C4244: 'initializing': conversion from 'double' to 'int', possible loss of data
     1>main.cpp(183): warning C4305: '=': truncation from 'double' to 'float'
     1>main.cpp(189): warning C4018: '<': signed/unsigned mismatch
     1>main.cpp(194): warning C4305: '=': truncation from 'double' to 'float'
     1>main.cpp(195): warning C4305: '=': truncation from 'double' to 'float'
     1>main.cpp(203): warning C4305: '=': truncation from 'double' to 'float'
     1>main.cpp(204): warning C4305: '=': truncation from 'double' to 'float'
     1>main.cpp(231): warning C4305: '=': truncation from 'double' to 'float'
     1>main.cpp(250): warning C4018: '<': signed/unsigned mismatch
     1>main.cpp(312): warning C4305: 'argument': truncation from 'double' to 'float'
     1>main.cpp(322): warning C4305: 'argument': truncation from 'double' to 'float'
     1>main.cpp(342): warning C4305: 'argument': truncation from 'double' to 'float'
     1>main.cpp(389): warning C4018: '<': signed/unsigned mismatch
     1>main.cpp(398): warning C4305: 'argument': truncation from 'double' to 'float'
     1>main.cpp(401): warning C4244: 'initializing': conversion from 'sf::Int64' to 'float', possible loss of data
     1>main.cpp(411): warning C4244: 'initializing': conversion from 'double' to 'float', possible loss of data
     1>main.cpp(420): warning C4244: 'argument': conversion from 'float' to 'int', possible loss of data
     1>main.cpp(482): warning C4244: '=': conversion from 'float' to 'int', possible loss of data
     1>main.cpp(488): warning C4244: '=': conversion from 'int' to 'float', possible loss of data
     1>main.cpp(498): warning C4244: 'argument': conversion from 'double' to 'float', possible loss of data
     1>main.cpp(506): warning C4305: 'argument': truncation from 'double' to 'float'
         tinystr.cpp
         tinyxml.cpp
         tinyxmlerror.cpp
         tinyxmlparser.cpp
       Link:
         C:\Program Files (x86)\Microsoft Visual Studio 14.0\VC\bin\link.exe /ERRORREPORT:PROMPT /OUT:"D:\Current\IIP\Project\FirstGame\Release\FirstGame.exe" /INCREMENTAL:NO /NOLOGO /LIBPATH:C:\SFML\lib "sfml-graphics-d.lib" "sfml-window-d.lib" "sfml-system-d.lib" "sfml-audio-d.lib" kernel32.lib user32.lib gdi32.lib winspool.lib comdlg32.lib advapi32.lib shell32.lib ole32.lib oleaut32.lib uuid.lib odbc32.lib odbccp32.lib kernel32.lib user32.lib gdi32.lib winspool.lib comdlg32.lib advapi32.lib shell32.lib ole32.lib oleaut32.lib uuid.lib odbc32.lib odbccp32.lib /MANIFEST /MANIFESTUAC:"level='asInvoker' uiAccess='false'" /manifest:embed /Debug /PDB:"D:\Current\IIP\Project\FirstGame\Release\FirstGame.pdb" /SUBSYSTEM:CONSOLE /OPT:REF /OPT:ICF /LTCG:incremental /TLBID:1 /DYNAMICBASE /NXCOMPAT /IMPLIB:"D:\Current\IIP\Project\FirstGame\Release\FirstGame.lib" /MACHINE:X86 /SAFESEH Release\de_timer.obj
         Release\main.obj
         Release\tinystr.obj
         Release\tinyxml.obj
         Release\tinyxmlerror.obj
         Release\tinyxmlparser.obj
         Generating code
     1>d:\current\iip\project\firstgame\firstgame\level.h(312): warning C4715: 'Level::GetObjectW': not all control paths return a value
         All 1083 functions were compiled because no usable IPDB/IOBJ from previous compilation was found.
         Finished generating code
         FirstGame.vcxproj -> D:\Current\IIP\Project\FirstGame\Release\FirstGame.exe
     1>Done Building Project "D:\Current\IIP\Project\FirstGame\FirstGame\FirstGame.vcxproj" (Rebuild target(s)).

Build succeeded.

Time Elapsed 00:00:03.25
